Using pre-set license
Built from '2020.3/staging' branch; Version is '2020.3.3f1 (76626098c1c4) revision 7758432'; Using compiler version '192528614'; Build Type 'Release'
OS: 'Windows 10 Home Single Language; OS build 19042.928; Version 2009; 64bit' Language: 'ko' Physical Memory: 7916 MB
BatchMode: 1, IsHumanControllingUs: 0, StartBugReporterOnCrash: 0, Is64bit: 1, IsPro: 0

 COMMAND LINE ARGUMENTS:
D:\Unity_Version\2020.3.3f1\Editor\Unity.exe
-adb2
-batchMode
-noUpm
-name
AssetImportWorker0
-projectPath
D:/Unity_Project/BreakingError_GameProject/Breaking Error
-logFile
Logs/AssetImportWorker0.log
-srvPort
59921
Successfully changed project path to: D:/Unity_Project/BreakingError_GameProject/Breaking Error
D:/Unity_Project/BreakingError_GameProject/Breaking Error
Using Asset Import Pipeline V2.
Refreshing native plugins compatible for Editor in 137.97 ms, found 0 plugins.
Preloading 0 native plugins for Editor in 0.00 ms.
Initialize engine version: 2020.3.3f1 (76626098c1c4)
[Subsystems] Discovering subsystems at path D:/Unity_Version/2020.3.3f1/Editor/Data/Resources/UnitySubsystems
[Subsystems] Discovering subsystems at path D:/Unity_Project/BreakingError_GameProject/Breaking Error/Assets
GfxDevice: creating device client; threaded=0
Direct3D:
    Version:  Direct3D 11.0 [level 11.1]
    Renderer: Intel(R) Iris(R) Xe Graphics (ID=0x9a49)
    Vendor:   
    VRAM:     3958 MB
    Driver:   27.20.100.8853
Initialize mono
Mono path[0] = 'D:/Unity_Version/2020.3.3f1/Editor/Data/Managed'
Mono path[1] = 'D:/Unity_Version/2020.3.3f1/Editor/Data/MonoBleedingEdge/lib/mono/unityjit'
Mono config path = 'D:/Unity_Version/2020.3.3f1/Editor/Data/MonoBleedingEdge/etc'
Using monoOptions --debugger-agent=transport=dt_socket,embedding=1,server=y,suspend=n,address=127.0.0.1:56432
Begin MonoManager ReloadAssembly
Registering precompiled unity dll's ...
Register platform support module: D:/Unity_Version/2020.3.3f1/Editor/Data/PlaybackEngines/WindowsStandaloneSupport/UnityEditor.WindowsStandalone.Extensions.dll
Registered in 0.002064 seconds.
Native extension for WindowsStandalone target not found
Refreshing native plugins compatible for Editor in 136.25 ms, found 0 plugins.
Preloading 0 native plugins for Editor in 0.00 ms.
Invoked RoslynAnalysisRunner static constructor.
RoslynAnalysisRunner will not be running.
RoslynAnalysisRunner has terminated.
Mono: successfully reloaded assembly
- Completed reload, in  2.822 seconds
Platform modules already initialized, skipping
Registering precompiled user dll's ...
Registered in 0.008585 seconds.
Assembly with name 'Unity.VSCode.Editor' already exists (Packages/com.unity.ide.vscode/Editor/Unity.com.unity.vscode.Editor.asmdef)

Assembly with name 'Unity.VSCode.Editor' already exists (Assets/BreakingError2/Library/PackageCache/com.unity.ide.vscode@1.2.3/Editor/Unity.com.unity.vscode.Editor.asmdef)

Assembly with name 'Unity.TextMeshPro.Tests' already exists (Assets/BreakingError2/Library/PackageCache/com.unity.textmeshpro@3.0.4/Tests/Runtime/Unity.TextMeshPro.Tests.asmdef)

Assembly with name 'Unity.TextMeshPro.Tests' already exists (Packages/com.unity.textmeshpro/Tests/Runtime/Unity.TextMeshPro.Tests.asmdef)

Assembly with name 'UnityEngine.TestRunner' already exists (Packages/com.unity.test-framework/UnityEngine.TestRunner/UnityEngine.TestRunner.asmdef)

Assembly with name 'UnityEngine.TestRunner' already exists (Assets/BreakingError2/Library/PackageCache/com.unity.test-framework@1.1.24/UnityEngine.TestRunner/UnityEngine.TestRunner.asmdef)

Assembly with name 'Unity.TextMeshPro' already exists (Packages/com.unity.textmeshpro/Scripts/Runtime/Unity.TextMeshPro.asmdef)

Assembly with name 'Unity.TextMeshPro' already exists (Assets/BreakingError2/Library/PackageCache/com.unity.textmeshpro@3.0.4/Scripts/Runtime/Unity.TextMeshPro.asmdef)

Assembly with name 'Unity.CollabProxy.Editor' already exists (Packages/com.unity.collab-proxy/Editor/Unity.CollabProxy.Editor.asmdef)

Assembly with name 'Unity.CollabProxy.Editor' already exists (Assets/BreakingError2/Library/PackageCache/com.unity.collab-proxy@1.3.9/Editor/Unity.CollabProxy.Editor.asmdef)

Assembly with name 'Unity.CollabProxy.EditorTests' already exists (Assets/BreakingError2/Library/PackageCache/com.unity.collab-proxy@1.3.9/Tests/Editor/Unity.CollabProxy.EditorTests.asmdef)

Assembly with name 'Unity.CollabProxy.EditorTests' already exists (Packages/com.unity.collab-proxy/Tests/Editor/Unity.CollabProxy.EditorTests.asmdef)

Assembly with name 'Unity.TextMeshPro.Editor' already exists (Assets/BreakingError2/Library/PackageCache/com.unity.textmeshpro@3.0.4/Scripts/Editor/Unity.TextMeshPro.Editor.asmdef)

Assembly with name 'Unity.TextMeshPro.Editor' already exists (Packages/com.unity.textmeshpro/Scripts/Editor/Unity.TextMeshPro.Editor.asmdef)

Assembly with name 'Unity.TextMeshPro.Editor.Tests' already exists (Assets/BreakingError2/Library/PackageCache/com.unity.textmeshpro@3.0.4/Tests/Editor/Unity.TextMeshPro.Editor.Tests.asmdef)

Assembly with name 'Unity.TextMeshPro.Editor.Tests' already exists (Packages/com.unity.textmeshpro/Tests/Editor/Unity.TextMeshPro.Editor.Tests.asmdef)

Assembly with name 'UnityEditor.TestRunner' already exists (Assets/BreakingError2/Library/PackageCache/com.unity.test-framework@1.1.24/UnityEditor.TestRunner/UnityEditor.TestRunner.asmdef)

Assembly with name 'UnityEditor.TestRunner' already exists (Packages/com.unity.test-framework/UnityEditor.TestRunner/UnityEditor.TestRunner.asmdef)

Assembly with name 'DocCodeExamples' already exists (Packages/com.unity.timeline/DocCodeExamples/DocCodeExamples.asmdef)

Assembly with name 'DocCodeExamples' already exists (Assets/BreakingError2/Library/PackageCache/com.unity.timeline@1.4.7/DocCodeExamples/DocCodeExamples.asmdef)

Assembly with name 'Unity.Rider.Editor' already exists (Assets/BreakingError2/Library/PackageCache/com.unity.ide.rider@2.0.7/Rider/Editor/com.unity.ide.rider.asmdef)

Assembly with name 'Unity.Rider.Editor' already exists (Packages/com.unity.ide.rider/Rider/Editor/com.unity.ide.rider.asmdef)

Assembly with name 'Unity.Timeline' already exists (Assets/BreakingError2/Library/PackageCache/com.unity.timeline@1.4.7/Runtime/Unity.Timeline.asmdef)

Assembly with name 'Unity.Timeline' already exists (Packages/com.unity.timeline/Runtime/Unity.Timeline.asmdef)

Assembly with name 'Unity.VisualStudio.Editor' already exists (Assets/BreakingError2/Library/PackageCache/com.unity.ide.visualstudio@2.0.7/Editor/com.unity.ide.visualstudio.asmdef)

Assembly with name 'Unity.VisualStudio.Editor' already exists (Packages/com.unity.ide.visualstudio/Editor/com.unity.ide.visualstudio.asmdef)

Assembly with name 'Unity.Timeline.Editor' already exists (Assets/BreakingError2/Library/PackageCache/com.unity.timeline@1.4.7/Editor/Unity.Timeline.Editor.asmdef)

Assembly with name 'Unity.Timeline.Editor' already exists (Packages/com.unity.timeline/Editor/Unity.Timeline.Editor.asmdef)

Assembly with name 'Unity.VSCode.Editor' already exists (Packages/com.unity.ide.vscode/Editor/Unity.com.unity.vscode.Editor.asmdef)

Assembly with name 'Unity.VSCode.Editor' already exists (Assets/BreakingError2/Library/PackageCache/com.unity.ide.vscode@1.2.3/Editor/Unity.com.unity.vscode.Editor.asmdef)

Assembly with name 'Unity.TextMeshPro.Tests' already exists (Assets/BreakingError2/Library/PackageCache/com.unity.textmeshpro@3.0.4/Tests/Runtime/Unity.TextMeshPro.Tests.asmdef)

Assembly with name 'Unity.TextMeshPro.Tests' already exists (Packages/com.unity.textmeshpro/Tests/Runtime/Unity.TextMeshPro.Tests.asmdef)

Assembly with name 'UnityEngine.TestRunner' already exists (Packages/com.unity.test-framework/UnityEngine.TestRunner/UnityEngine.TestRunner.asmdef)

Assembly with name 'UnityEngine.TestRunner' already exists (Assets/BreakingError2/Library/PackageCache/com.unity.test-framework@1.1.24/UnityEngine.TestRunner/UnityEngine.TestRunner.asmdef)

Assembly with name 'Unity.TextMeshPro' already exists (Packages/com.unity.textmeshpro/Scripts/Runtime/Unity.TextMeshPro.asmdef)

Assembly with name 'Unity.TextMeshPro' already exists (Assets/BreakingError2/Library/PackageCache/com.unity.textmeshpro@3.0.4/Scripts/Runtime/Unity.TextMeshPro.asmdef)

Assembly with name 'Unity.CollabProxy.Editor' already exists (Packages/com.unity.collab-proxy/Editor/Unity.CollabProxy.Editor.asmdef)

Assembly with name 'Unity.CollabProxy.Editor' already exists (Assets/BreakingError2/Library/PackageCache/com.unity.collab-proxy@1.3.9/Editor/Unity.CollabProxy.Editor.asmdef)

Assembly with name 'Unity.CollabProxy.EditorTests' already exists (Assets/BreakingError2/Library/PackageCache/com.unity.collab-proxy@1.3.9/Tests/Editor/Unity.CollabProxy.EditorTests.asmdef)

Assembly with name 'Unity.CollabProxy.EditorTests' already exists (Packages/com.unity.collab-proxy/Tests/Editor/Unity.CollabProxy.EditorTests.asmdef)

Assembly with name 'Unity.TextMeshPro.Editor' already exists (Assets/BreakingError2/Library/PackageCache/com.unity.textmeshpro@3.0.4/Scripts/Editor/Unity.TextMeshPro.Editor.asmdef)

Assembly with name 'Unity.TextMeshPro.Editor' already exists (Packages/com.unity.textmeshpro/Scripts/Editor/Unity.TextMeshPro.Editor.asmdef)

Assembly with name 'Unity.TextMeshPro.Editor.Tests' already exists (Assets/BreakingError2/Library/PackageCache/com.unity.textmeshpro@3.0.4/Tests/Editor/Unity.TextMeshPro.Editor.Tests.asmdef)

Assembly with name 'Unity.TextMeshPro.Editor.Tests' already exists (Packages/com.unity.textmeshpro/Tests/Editor/Unity.TextMeshPro.Editor.Tests.asmdef)

Assembly with name 'UnityEditor.TestRunner' already exists (Assets/BreakingError2/Library/PackageCache/com.unity.test-framework@1.1.24/UnityEditor.TestRunner/UnityEditor.TestRunner.asmdef)

Assembly with name 'UnityEditor.TestRunner' already exists (Packages/com.unity.test-framework/UnityEditor.TestRunner/UnityEditor.TestRunner.asmdef)

Assembly with name 'DocCodeExamples' already exists (Packages/com.unity.timeline/DocCodeExamples/DocCodeExamples.asmdef)

Assembly with name 'DocCodeExamples' already exists (Assets/BreakingError2/Library/PackageCache/com.unity.timeline@1.4.7/DocCodeExamples/DocCodeExamples.asmdef)

Assembly with name 'Unity.Rider.Editor' already exists (Assets/BreakingError2/Library/PackageCache/com.unity.ide.rider@2.0.7/Rider/Editor/com.unity.ide.rider.asmdef)

Assembly with name 'Unity.Rider.Editor' already exists (Packages/com.unity.ide.rider/Rider/Editor/com.unity.ide.rider.asmdef)

Assembly with name 'Unity.Timeline' already exists (Assets/BreakingError2/Library/PackageCache/com.unity.timeline@1.4.7/Runtime/Unity.Timeline.asmdef)

Assembly with name 'Unity.Timeline' already exists (Packages/com.unity.timeline/Runtime/Unity.Timeline.asmdef)

Assembly with name 'Unity.VisualStudio.Editor' already exists (Assets/BreakingError2/Library/PackageCache/com.unity.ide.visualstudio@2.0.7/Editor/com.unity.ide.visualstudio.asmdef)

Assembly with name 'Unity.VisualStudio.Editor' already exists (Packages/com.unity.ide.visualstudio/Editor/com.unity.ide.visualstudio.asmdef)

Assembly with name 'Unity.Timeline.Editor' already exists (Assets/BreakingError2/Library/PackageCache/com.unity.timeline@1.4.7/Editor/Unity.Timeline.Editor.asmdef)

Assembly with name 'Unity.Timeline.Editor' already exists (Packages/com.unity.timeline/Editor/Unity.Timeline.Editor.asmdef)

Begin MonoManager ReloadAssembly
Native extension for WindowsStandalone target not found
Refreshing native plugins compatible for Editor in 1.13 ms, found 0 plugins.
Preloading 0 native plugins for Editor in 0.00 ms.
Assembly with name 'Unity.VSCode.Editor' already exists (Packages/com.unity.ide.vscode/Editor/Unity.com.unity.vscode.Editor.asmdef)

Assembly with name 'Unity.VSCode.Editor' already exists (Assets/BreakingError2/Library/PackageCache/com.unity.ide.vscode@1.2.3/Editor/Unity.com.unity.vscode.Editor.asmdef)

Assembly with name 'Unity.TextMeshPro.Tests' already exists (Assets/BreakingError2/Library/PackageCache/com.unity.textmeshpro@3.0.4/Tests/Runtime/Unity.TextMeshPro.Tests.asmdef)

Assembly with name 'Unity.TextMeshPro.Tests' already exists (Packages/com.unity.textmeshpro/Tests/Runtime/Unity.TextMeshPro.Tests.asmdef)

Assembly with name 'UnityEngine.TestRunner' already exists (Packages/com.unity.test-framework/UnityEngine.TestRunner/UnityEngine.TestRunner.asmdef)

Assembly with name 'UnityEngine.TestRunner' already exists (Assets/BreakingError2/Library/PackageCache/com.unity.test-framework@1.1.24/UnityEngine.TestRunner/UnityEngine.TestRunner.asmdef)

Assembly with name 'Unity.TextMeshPro' already exists (Packages/com.unity.textmeshpro/Scripts/Runtime/Unity.TextMeshPro.asmdef)

Assembly with name 'Unity.TextMeshPro' already exists (Assets/BreakingError2/Library/PackageCache/com.unity.textmeshpro@3.0.4/Scripts/Runtime/Unity.TextMeshPro.asmdef)

Assembly with name 'Unity.CollabProxy.Editor' already exists (Packages/com.unity.collab-proxy/Editor/Unity.CollabProxy.Editor.asmdef)

Assembly with name 'Unity.CollabProxy.Editor' already exists (Assets/BreakingError2/Library/PackageCache/com.unity.collab-proxy@1.3.9/Editor/Unity.CollabProxy.Editor.asmdef)

Assembly with name 'Unity.CollabProxy.EditorTests' already exists (Assets/BreakingError2/Library/PackageCache/com.unity.collab-proxy@1.3.9/Tests/Editor/Unity.CollabProxy.EditorTests.asmdef)

Assembly with name 'Unity.CollabProxy.EditorTests' already exists (Packages/com.unity.collab-proxy/Tests/Editor/Unity.CollabProxy.EditorTests.asmdef)

Assembly with name 'Unity.TextMeshPro.Editor' already exists (Assets/BreakingError2/Library/PackageCache/com.unity.textmeshpro@3.0.4/Scripts/Editor/Unity.TextMeshPro.Editor.asmdef)

Assembly with name 'Unity.TextMeshPro.Editor' already exists (Packages/com.unity.textmeshpro/Scripts/Editor/Unity.TextMeshPro.Editor.asmdef)

Assembly with name 'Unity.TextMeshPro.Editor.Tests' already exists (Assets/BreakingError2/Library/PackageCache/com.unity.textmeshpro@3.0.4/Tests/Editor/Unity.TextMeshPro.Editor.Tests.asmdef)

Assembly with name 'Unity.TextMeshPro.Editor.Tests' already exists (Packages/com.unity.textmeshpro/Tests/Editor/Unity.TextMeshPro.Editor.Tests.asmdef)

Assembly with name 'UnityEditor.TestRunner' already exists (Assets/BreakingError2/Library/PackageCache/com.unity.test-framework@1.1.24/UnityEditor.TestRunner/UnityEditor.TestRunner.asmdef)

Assembly with name 'UnityEditor.TestRunner' already exists (Packages/com.unity.test-framework/UnityEditor.TestRunner/UnityEditor.TestRunner.asmdef)

Assembly with name 'DocCodeExamples' already exists (Packages/com.unity.timeline/DocCodeExamples/DocCodeExamples.asmdef)

Assembly with name 'DocCodeExamples' already exists (Assets/BreakingError2/Library/PackageCache/com.unity.timeline@1.4.7/DocCodeExamples/DocCodeExamples.asmdef)

Assembly with name 'Unity.Rider.Editor' already exists (Assets/BreakingError2/Library/PackageCache/com.unity.ide.rider@2.0.7/Rider/Editor/com.unity.ide.rider.asmdef)

Assembly with name 'Unity.Rider.Editor' already exists (Packages/com.unity.ide.rider/Rider/Editor/com.unity.ide.rider.asmdef)

Assembly with name 'Unity.Timeline' already exists (Assets/BreakingError2/Library/PackageCache/com.unity.timeline@1.4.7/Runtime/Unity.Timeline.asmdef)

Assembly with name 'Unity.Timeline' already exists (Packages/com.unity.timeline/Runtime/Unity.Timeline.asmdef)

Assembly with name 'Unity.VisualStudio.Editor' already exists (Assets/BreakingError2/Library/PackageCache/com.unity.ide.visualstudio@2.0.7/Editor/com.unity.ide.visualstudio.asmdef)

Assembly with name 'Unity.VisualStudio.Editor' already exists (Packages/com.unity.ide.visualstudio/Editor/com.unity.ide.visualstudio.asmdef)

Assembly with name 'Unity.Timeline.Editor' already exists (Assets/BreakingError2/Library/PackageCache/com.unity.timeline@1.4.7/Editor/Unity.Timeline.Editor.asmdef)

Assembly with name 'Unity.Timeline.Editor' already exists (Packages/com.unity.timeline/Editor/Unity.Timeline.Editor.asmdef)

Invoked RoslynAnalysisRunner static constructor.
RoslynAnalysisRunner will not be running.
RoslynAnalysisRunner has terminated.
Mono: successfully reloaded assembly
- Completed reload, in  1.690 seconds
Platform modules already initialized, skipping
========================================================================
Worker process is ready to serve import requests
Launched and connected shader compiler UnityShaderCompiler.exe after 0.09 seconds
Refreshing native plugins compatible for Editor in 1.06 ms, found 0 plugins.
Preloading 0 native plugins for Editor in 0.00 ms.
Unloading 2130 Unused Serialized files (Serialized files now loaded: 0)
System memory in use before: 94.5 MB.
System memory in use after: 94.6 MB.

Unloading 104 unused Assets to reduce memory usage. Loaded Objects now: 2704.
Total: 3.048400 ms (FindLiveObjects: 0.317200 ms CreateObjectMapping: 0.110400 ms MarkObjects: 2.406900 ms  DeleteObjects: 0.211700 ms)

========================================================================
Received Import Request.
  path: Assets/01. Scenes/Main.unity
  artifactKey: Guid(46e5e5ce55cc648e2a64a9a4d03d0644) Importer(815301076,1909f56bfc062723c751e8b465ee728b)
Start importing Assets/01. Scenes/Main.unity using Guid(46e5e5ce55cc648e2a64a9a4d03d0644) Importer(815301076,1909f56bfc062723c751e8b465ee728b)  -> (artifact id: 'c80071b0d98670b264d14416e1e82760') in 0.019857 seconds
  Import took 0.026733 seconds .

========================================================================
Received Import Request.
  Time since last request: 26.499728 seconds.
  path: Assets/BreakingError2/Assets/SceneFolder/Game.unity
  artifactKey: Guid(1cf1c0609ffb947889451d46a4fc898c) Importer(815301076,1909f56bfc062723c751e8b465ee728b)
Start importing Assets/BreakingError2/Assets/SceneFolder/Game.unity using Guid(1cf1c0609ffb947889451d46a4fc898c) Importer(815301076,1909f56bfc062723c751e8b465ee728b)  -> (artifact id: '0f1d48897d8e411c901d94b75079122f') in 0.002342 seconds
  Import took 0.008354 seconds .

========================================================================
Received Import Request.
  Time since last request: 3.328568 seconds.
  path: Assets/BreakingError2/Assets/SceneFolder/MainGame.unity
  artifactKey: Guid(03dc22585b3da4ac3b362c9cf33cf861) Importer(815301076,1909f56bfc062723c751e8b465ee728b)
Start importing Assets/BreakingError2/Assets/SceneFolder/MainGame.unity using Guid(03dc22585b3da4ac3b362c9cf33cf861) Importer(815301076,1909f56bfc062723c751e8b465ee728b)  -> (artifact id: '5fea45ceeef07757547a6fbe63c91eb9') in 0.002160 seconds
  Import took 0.007975 seconds .

========================================================================
Received Import Request.
  Time since last request: 13.932905 seconds.
  path: Assets/BreakingError2/Assets/Scripts/Error.cs
  artifactKey: Guid(0dbe87f5fbd5f4cd99c7996e5207617f) Importer(815301076,1909f56bfc062723c751e8b465ee728b)
Start importing Assets/BreakingError2/Assets/Scripts/Error.cs using Guid(0dbe87f5fbd5f4cd99c7996e5207617f) Importer(815301076,1909f56bfc062723c751e8b465ee728b)  -> (artifact id: '885f686e7c046fd9163770ac72a26e86') in 0.029610 seconds
  Import took 0.034906 seconds .

========================================================================
Received Import Request.
  Time since last request: 5.049320 seconds.
  path: Assets/BreakingError2/Assets/Scripts/MainER.cs
  artifactKey: Guid(8a03b195ee0ee96449f8f8800d879fe7) Importer(815301076,1909f56bfc062723c751e8b465ee728b)
Start importing Assets/BreakingError2/Assets/Scripts/MainER.cs using Guid(8a03b195ee0ee96449f8f8800d879fe7) Importer(815301076,1909f56bfc062723c751e8b465ee728b)  -> (artifact id: '18e80bb2615450c0a35b881252d67d0d') in 0.002353 seconds
  Import took 0.007912 seconds .

========================================================================
Received Import Request.
  Time since last request: 6.389474 seconds.
  path: Assets/BreakingError2/Assets/Scripts/SoundManager.cs
  artifactKey: Guid(9f2ec452e56b945f39207e4e111f130d) Importer(815301076,1909f56bfc062723c751e8b465ee728b)
Start importing Assets/BreakingError2/Assets/Scripts/SoundManager.cs using Guid(9f2ec452e56b945f39207e4e111f130d) Importer(815301076,1909f56bfc062723c751e8b465ee728b)  -> (artifact id: '36893f90ec90b7466e9384940a11dfc4') in 0.001852 seconds
  Import took 0.008247 seconds .

========================================================================
Received Import Request.
  Time since last request: 0.719463 seconds.
  path: Assets/BreakingError2/Assets/Scripts/MyB.cs
  artifactKey: Guid(4b7019555ff4a4a9e9a5f86127679260) Importer(815301076,1909f56bfc062723c751e8b465ee728b)
Start importing Assets/BreakingError2/Assets/Scripts/MyB.cs using Guid(4b7019555ff4a4a9e9a5f86127679260) Importer(815301076,1909f56bfc062723c751e8b465ee728b)  -> (artifact id: 'beca47f06137dbd70b174f6f9090bc27') in 0.002240 seconds
  Import took 0.009366 seconds .

========================================================================
Received Import Request.
  Time since last request: 0.002079 seconds.
  path: Assets/BreakingError2/Assets/Scripts/MyB.cs
  artifactKey: Guid(4b7019555ff4a4a9e9a5f86127679260) Importer(815301076,1909f56bfc062723c751e8b465ee728b)
Start importing Assets/BreakingError2/Assets/Scripts/MyB.cs using Guid(4b7019555ff4a4a9e9a5f86127679260) Importer(815301076,1909f56bfc062723c751e8b465ee728b)  -> (artifact id: 'beca47f06137dbd70b174f6f9090bc27') in 0.002001 seconds
  Import took 0.007382 seconds .

========================================================================
Received Import Request.
  Time since last request: 6055.733221 seconds.
  path: Assets/BreakingError2
  artifactKey: Guid(d524072957c52eb43a8ce8f5316280cd) Importer(815301076,1909f56bfc062723c751e8b465ee728b)
Start importing Assets/BreakingError2 using Guid(d524072957c52eb43a8ce8f5316280cd) Importer(815301076,1909f56bfc062723c751e8b465ee728b)  -> (artifact id: 'b2bb5d45cab9a5589da5708bfbddd8d3') in 0.003354 seconds
  Import took 0.011713 seconds .

========================================================================
Received Import Request.
  Time since last request: 0.000909 seconds.
  path: Assets/BreakingError2
  artifactKey: Guid(d524072957c52eb43a8ce8f5316280cd) Importer(815301076,1909f56bfc062723c751e8b465ee728b)
Start importing Assets/BreakingError2 using Guid(d524072957c52eb43a8ce8f5316280cd) Importer(815301076,1909f56bfc062723c751e8b465ee728b)  -> (artifact id: 'b2bb5d45cab9a5589da5708bfbddd8d3') in 0.001320 seconds
  Import took 0.006396 seconds .

========================================================================
Received Prepare
Registering precompiled user dll's ...
Registered in 0.000642 seconds.
Assembly with name 'Unity.VSCode.Editor' already exists (Packages/com.unity.ide.vscode/Editor/Unity.com.unity.vscode.Editor.asmdef)

Assembly with name 'Unity.VSCode.Editor' already exists (Assets/BreakingError2/Library/PackageCache/com.unity.ide.vscode@1.2.3/Editor/Unity.com.unity.vscode.Editor.asmdef)

Assembly with name 'Unity.TextMeshPro.Tests' already exists (Assets/BreakingError2/Library/PackageCache/com.unity.textmeshpro@3.0.4/Tests/Runtime/Unity.TextMeshPro.Tests.asmdef)

Assembly with name 'Unity.TextMeshPro.Tests' already exists (Packages/com.unity.textmeshpro/Tests/Runtime/Unity.TextMeshPro.Tests.asmdef)

Assembly with name 'UnityEngine.TestRunner' already exists (Packages/com.unity.test-framework/UnityEngine.TestRunner/UnityEngine.TestRunner.asmdef)

Assembly with name 'UnityEngine.TestRunner' already exists (Assets/BreakingError2/Library/PackageCache/com.unity.test-framework@1.1.24/UnityEngine.TestRunner/UnityEngine.TestRunner.asmdef)

Assembly with name 'Unity.TextMeshPro' already exists (Packages/com.unity.textmeshpro/Scripts/Runtime/Unity.TextMeshPro.asmdef)

Assembly with name 'Unity.TextMeshPro' already exists (Assets/BreakingError2/Library/PackageCache/com.unity.textmeshpro@3.0.4/Scripts/Runtime/Unity.TextMeshPro.asmdef)

Assembly with name 'Unity.CollabProxy.Editor' already exists (Packages/com.unity.collab-proxy/Editor/Unity.CollabProxy.Editor.asmdef)

Assembly with name 'Unity.CollabProxy.Editor' already exists (Assets/BreakingError2/Library/PackageCache/com.unity.collab-proxy@1.3.9/Editor/Unity.CollabProxy.Editor.asmdef)

Assembly with name 'Unity.CollabProxy.EditorTests' already exists (Assets/BreakingError2/Library/PackageCache/com.unity.collab-proxy@1.3.9/Tests/Editor/Unity.CollabProxy.EditorTests.asmdef)

Assembly with name 'Unity.CollabProxy.EditorTests' already exists (Packages/com.unity.collab-proxy/Tests/Editor/Unity.CollabProxy.EditorTests.asmdef)

Assembly with name 'Unity.TextMeshPro.Editor' already exists (Assets/BreakingError2/Library/PackageCache/com.unity.textmeshpro@3.0.4/Scripts/Editor/Unity.TextMeshPro.Editor.asmdef)

Assembly with name 'Unity.TextMeshPro.Editor' already exists (Packages/com.unity.textmeshpro/Scripts/Editor/Unity.TextMeshPro.Editor.asmdef)

Assembly with name 'Unity.TextMeshPro.Editor.Tests' already exists (Assets/BreakingError2/Library/PackageCache/com.unity.textmeshpro@3.0.4/Tests/Editor/Unity.TextMeshPro.Editor.Tests.asmdef)

Assembly with name 'Unity.TextMeshPro.Editor.Tests' already exists (Packages/com.unity.textmeshpro/Tests/Editor/Unity.TextMeshPro.Editor.Tests.asmdef)

Assembly with name 'UnityEditor.TestRunner' already exists (Assets/BreakingError2/Library/PackageCache/com.unity.test-framework@1.1.24/UnityEditor.TestRunner/UnityEditor.TestRunner.asmdef)

Assembly with name 'UnityEditor.TestRunner' already exists (Packages/com.unity.test-framework/UnityEditor.TestRunner/UnityEditor.TestRunner.asmdef)

Assembly with name 'DocCodeExamples' already exists (Packages/com.unity.timeline/DocCodeExamples/DocCodeExamples.asmdef)

Assembly with name 'DocCodeExamples' already exists (Assets/BreakingError2/Library/PackageCache/com.unity.timeline@1.4.7/DocCodeExamples/DocCodeExamples.asmdef)

Assembly with name 'Unity.Rider.Editor' already exists (Assets/BreakingError2/Library/PackageCache/com.unity.ide.rider@2.0.7/Rider/Editor/com.unity.ide.rider.asmdef)

Assembly with name 'Unity.Rider.Editor' already exists (Packages/com.unity.ide.rider/Rider/Editor/com.unity.ide.rider.asmdef)

Assembly with name 'Unity.Timeline' already exists (Assets/BreakingError2/Library/PackageCache/com.unity.timeline@1.4.7/Runtime/Unity.Timeline.asmdef)

Assembly with name 'Unity.Timeline' already exists (Packages/com.unity.timeline/Runtime/Unity.Timeline.asmdef)

Assembly with name 'Unity.VisualStudio.Editor' already exists (Assets/BreakingError2/Library/PackageCache/com.unity.ide.visualstudio@2.0.7/Editor/com.unity.ide.visualstudio.asmdef)

Assembly with name 'Unity.VisualStudio.Editor' already exists (Packages/com.unity.ide.visualstudio/Editor/com.unity.ide.visualstudio.asmdef)

Assembly with name 'Unity.Timeline.Editor' already exists (Assets/BreakingError2/Library/PackageCache/com.unity.timeline@1.4.7/Editor/Unity.Timeline.Editor.asmdef)

Assembly with name 'Unity.Timeline.Editor' already exists (Packages/com.unity.timeline/Editor/Unity.Timeline.Editor.asmdef)

Assembly with name 'Unity.VSCode.Editor' already exists (Packages/com.unity.ide.vscode/Editor/Unity.com.unity.vscode.Editor.asmdef)

Assembly with name 'Unity.VSCode.Editor' already exists (Assets/BreakingError2/Library/PackageCache/com.unity.ide.vscode@1.2.3/Editor/Unity.com.unity.vscode.Editor.asmdef)

Assembly with name 'Unity.TextMeshPro.Tests' already exists (Assets/BreakingError2/Library/PackageCache/com.unity.textmeshpro@3.0.4/Tests/Runtime/Unity.TextMeshPro.Tests.asmdef)

Assembly with name 'Unity.TextMeshPro.Tests' already exists (Packages/com.unity.textmeshpro/Tests/Runtime/Unity.TextMeshPro.Tests.asmdef)

Assembly with name 'UnityEngine.TestRunner' already exists (Packages/com.unity.test-framework/UnityEngine.TestRunner/UnityEngine.TestRunner.asmdef)

Assembly with name 'UnityEngine.TestRunner' already exists (Assets/BreakingError2/Library/PackageCache/com.unity.test-framework@1.1.24/UnityEngine.TestRunner/UnityEngine.TestRunner.asmdef)

Assembly with name 'Unity.TextMeshPro' already exists (Packages/com.unity.textmeshpro/Scripts/Runtime/Unity.TextMeshPro.asmdef)

Assembly with name 'Unity.TextMeshPro' already exists (Assets/BreakingError2/Library/PackageCache/com.unity.textmeshpro@3.0.4/Scripts/Runtime/Unity.TextMeshPro.asmdef)

Assembly with name 'Unity.CollabProxy.Editor' already exists (Packages/com.unity.collab-proxy/Editor/Unity.CollabProxy.Editor.asmdef)

Assembly with name 'Unity.CollabProxy.Editor' already exists (Assets/BreakingError2/Library/PackageCache/com.unity.collab-proxy@1.3.9/Editor/Unity.CollabProxy.Editor.asmdef)

Assembly with name 'Unity.CollabProxy.EditorTests' already exists (Assets/BreakingError2/Library/PackageCache/com.unity.collab-proxy@1.3.9/Tests/Editor/Unity.CollabProxy.EditorTests.asmdef)

Assembly with name 'Unity.CollabProxy.EditorTests' already exists (Packages/com.unity.collab-proxy/Tests/Editor/Unity.CollabProxy.EditorTests.asmdef)

Assembly with name 'Unity.TextMeshPro.Editor' already exists (Assets/BreakingError2/Library/PackageCache/com.unity.textmeshpro@3.0.4/Scripts/Editor/Unity.TextMeshPro.Editor.asmdef)

Assembly with name 'Unity.TextMeshPro.Editor' already exists (Packages/com.unity.textmeshpro/Scripts/Editor/Unity.TextMeshPro.Editor.asmdef)

Assembly with name 'Unity.TextMeshPro.Editor.Tests' already exists (Assets/BreakingError2/Library/PackageCache/com.unity.textmeshpro@3.0.4/Tests/Editor/Unity.TextMeshPro.Editor.Tests.asmdef)

Assembly with name 'Unity.TextMeshPro.Editor.Tests' already exists (Packages/com.unity.textmeshpro/Tests/Editor/Unity.TextMeshPro.Editor.Tests.asmdef)

Assembly with name 'UnityEditor.TestRunner' already exists (Assets/BreakingError2/Library/PackageCache/com.unity.test-framework@1.1.24/UnityEditor.TestRunner/UnityEditor.TestRunner.asmdef)

Assembly with name 'UnityEditor.TestRunner' already exists (Packages/com.unity.test-framework/UnityEditor.TestRunner/UnityEditor.TestRunner.asmdef)

Assembly with name 'DocCodeExamples' already exists (Packages/com.unity.timeline/DocCodeExamples/DocCodeExamples.asmdef)

Assembly with name 'DocCodeExamples' already exists (Assets/BreakingError2/Library/PackageCache/com.unity.timeline@1.4.7/DocCodeExamples/DocCodeExamples.asmdef)

Assembly with name 'Unity.Rider.Editor' already exists (Assets/BreakingError2/Library/PackageCache/com.unity.ide.rider@2.0.7/Rider/Editor/com.unity.ide.rider.asmdef)

Assembly with name 'Unity.Rider.Editor' already exists (Packages/com.unity.ide.rider/Rider/Editor/com.unity.ide.rider.asmdef)

Assembly with name 'Unity.Timeline' already exists (Assets/BreakingError2/Library/PackageCache/com.unity.timeline@1.4.7/Runtime/Unity.Timeline.asmdef)

Assembly with name 'Unity.Timeline' already exists (Packages/com.unity.timeline/Runtime/Unity.Timeline.asmdef)

Assembly with name 'Unity.VisualStudio.Editor' already exists (Assets/BreakingError2/Library/PackageCache/com.unity.ide.visualstudio@2.0.7/Editor/com.unity.ide.visualstudio.asmdef)

Assembly with name 'Unity.VisualStudio.Editor' already exists (Packages/com.unity.ide.visualstudio/Editor/com.unity.ide.visualstudio.asmdef)

Assembly with name 'Unity.Timeline.Editor' already exists (Assets/BreakingError2/Library/PackageCache/com.unity.timeline@1.4.7/Editor/Unity.Timeline.Editor.asmdef)

Assembly with name 'Unity.Timeline.Editor' already exists (Packages/com.unity.timeline/Editor/Unity.Timeline.Editor.asmdef)

Begin MonoManager ReloadAssembly
Native extension for WindowsStandalone target not found
Refreshing native plugins compatible for Editor in 0.42 ms, found 0 plugins.
Preloading 0 native plugins for Editor in 0.00 ms.
Assembly with name 'Unity.VSCode.Editor' already exists (Packages/com.unity.ide.vscode/Editor/Unity.com.unity.vscode.Editor.asmdef)

Assembly with name 'Unity.VSCode.Editor' already exists (Assets/BreakingError2/Library/PackageCache/com.unity.ide.vscode@1.2.3/Editor/Unity.com.unity.vscode.Editor.asmdef)

Assembly with name 'Unity.TextMeshPro.Tests' already exists (Assets/BreakingError2/Library/PackageCache/com.unity.textmeshpro@3.0.4/Tests/Runtime/Unity.TextMeshPro.Tests.asmdef)

Assembly with name 'Unity.TextMeshPro.Tests' already exists (Packages/com.unity.textmeshpro/Tests/Runtime/Unity.TextMeshPro.Tests.asmdef)

Assembly with name 'UnityEngine.TestRunner' already exists (Packages/com.unity.test-framework/UnityEngine.TestRunner/UnityEngine.TestRunner.asmdef)

Assembly with name 'UnityEngine.TestRunner' already exists (Assets/BreakingError2/Library/PackageCache/com.unity.test-framework@1.1.24/UnityEngine.TestRunner/UnityEngine.TestRunner.asmdef)

Assembly with name 'Unity.TextMeshPro' already exists (Packages/com.unity.textmeshpro/Scripts/Runtime/Unity.TextMeshPro.asmdef)

Assembly with name 'Unity.TextMeshPro' already exists (Assets/BreakingError2/Library/PackageCache/com.unity.textmeshpro@3.0.4/Scripts/Runtime/Unity.TextMeshPro.asmdef)

Assembly with name 'Unity.CollabProxy.Editor' already exists (Packages/com.unity.collab-proxy/Editor/Unity.CollabProxy.Editor.asmdef)

Assembly with name 'Unity.CollabProxy.Editor' already exists (Assets/BreakingError2/Library/PackageCache/com.unity.collab-proxy@1.3.9/Editor/Unity.CollabProxy.Editor.asmdef)

Assembly with name 'Unity.CollabProxy.EditorTests' already exists (Assets/BreakingError2/Library/PackageCache/com.unity.collab-proxy@1.3.9/Tests/Editor/Unity.CollabProxy.EditorTests.asmdef)

Assembly with name 'Unity.CollabProxy.EditorTests' already exists (Packages/com.unity.collab-proxy/Tests/Editor/Unity.CollabProxy.EditorTests.asmdef)

Assembly with name 'Unity.TextMeshPro.Editor' already exists (Assets/BreakingError2/Library/PackageCache/com.unity.textmeshpro@3.0.4/Scripts/Editor/Unity.TextMeshPro.Editor.asmdef)

Assembly with name 'Unity.TextMeshPro.Editor' already exists (Packages/com.unity.textmeshpro/Scripts/Editor/Unity.TextMeshPro.Editor.asmdef)

Assembly with name 'Unity.TextMeshPro.Editor.Tests' already exists (Assets/BreakingError2/Library/PackageCache/com.unity.textmeshpro@3.0.4/Tests/Editor/Unity.TextMeshPro.Editor.Tests.asmdef)

Assembly with name 'Unity.TextMeshPro.Editor.Tests' already exists (Packages/com.unity.textmeshpro/Tests/Editor/Unity.TextMeshPro.Editor.Tests.asmdef)

Assembly with name 'UnityEditor.TestRunner' already exists (Assets/BreakingError2/Library/PackageCache/com.unity.test-framework@1.1.24/UnityEditor.TestRunner/UnityEditor.TestRunner.asmdef)

Assembly with name 'UnityEditor.TestRunner' already exists (Packages/com.unity.test-framework/UnityEditor.TestRunner/UnityEditor.TestRunner.asmdef)

Assembly with name 'DocCodeExamples' already exists (Packages/com.unity.timeline/DocCodeExamples/DocCodeExamples.asmdef)

Assembly with name 'DocCodeExamples' already exists (Assets/BreakingError2/Library/PackageCache/com.unity.timeline@1.4.7/DocCodeExamples/DocCodeExamples.asmdef)

Assembly with name 'Unity.Rider.Editor' already exists (Assets/BreakingError2/Library/PackageCache/com.unity.ide.rider@2.0.7/Rider/Editor/com.unity.ide.rider.asmdef)

Assembly with name 'Unity.Rider.Editor' already exists (Packages/com.unity.ide.rider/Rider/Editor/com.unity.ide.rider.asmdef)

Assembly with name 'Unity.Timeline' already exists (Assets/BreakingError2/Library/PackageCache/com.unity.timeline@1.4.7/Runtime/Unity.Timeline.asmdef)

Assembly with name 'Unity.Timeline' already exists (Packages/com.unity.timeline/Runtime/Unity.Timeline.asmdef)

Assembly with name 'Unity.VisualStudio.Editor' already exists (Assets/BreakingError2/Library/PackageCache/com.unity.ide.visualstudio@2.0.7/Editor/com.unity.ide.visualstudio.asmdef)

Assembly with name 'Unity.VisualStudio.Editor' already exists (Packages/com.unity.ide.visualstudio/Editor/com.unity.ide.visualstudio.asmdef)

Assembly with name 'Unity.Timeline.Editor' already exists (Assets/BreakingError2/Library/PackageCache/com.unity.timeline@1.4.7/Editor/Unity.Timeline.Editor.asmdef)

Assembly with name 'Unity.Timeline.Editor' already exists (Packages/com.unity.timeline/Editor/Unity.Timeline.Editor.asmdef)

Invoked RoslynAnalysisRunner static constructor.
RoslynAnalysisRunner will not be running.
RoslynAnalysisRunner has terminated.
Mono: successfully reloaded assembly
- Completed reload, in  1.543 seconds
Platform modules already initialized, skipping
Refreshing native plugins compatible for Editor in 0.36 ms, found 0 plugins.
Preloading 0 native plugins for Editor in 0.00 ms.
Unloading 1162 Unused Serialized files (Serialized files now loaded: 0)
System memory in use before: 74.2 MB.
System memory in use after: 74.3 MB.

Unloading 746 unused Assets to reduce memory usage. Loaded Objects now: 2050.
Total: 3.348000 ms (FindLiveObjects: 0.268000 ms CreateObjectMapping: 0.079700 ms MarkObjects: 2.464100 ms  DeleteObjects: 0.535200 ms)

AssetImportWorkerClient::OnTransportError - code=2 error=End of file
